<?xml version="1.0" encoding="UTF-8"?>
<!-- Generated by org.testng.reporters.JUnitXMLReporter -->
<testsuite ignored="3" hostname="LAPTOP-SU570FMD" failures="0" tests="1" name="Default test" time="21.14" errors="0" timestamp="2023-11-07T00:43:13 GMT-08:00">
  <testcase classname="testLayer.Shoppingcart" name="deleteallitems" time="1.802"/>
  <testcase classname="testLayer.Shoppingcart" name="itemQuantitytest" time="0.0">
    <ignored/>
  </testcase> <!-- itemQuantitytest -->
  <testcase classname="testLayer.Shoppingcart" name="removeitemsfromcart" time="0.0">
    <ignored/>
  </testcase> <!-- removeitemsfromcart -->
  <testcase classname="testLayer.Shoppingcart" name="additems" time="0.0">
    <ignored/>
  </testcase> <!-- additems -->
</testsuite> <!-- Default test -->
