<?xml version="1.0" encoding="UTF-8"?>
<!-- Generated by org.testng.reporters.JUnitXMLReporter -->
<testsuite ignored="0" hostname="LAPTOP-SU570FMD" failures="0" tests="10" name="Smoke" time="221.305" errors="0" timestamp="2023-11-07T01:07:44 GMT-08:00">
  <testcase classname="testLayer.AmazonActions" name="Search" time="3.385"/>
  <testcase classname="testLayer.AmazonActions" name="duplicate" time="0.009"/>
  <testcase classname="testLayer.AmazonActions" name="filters" time="0.008"/>
  <testcase classname="testLayer.AmazonActions" name="multiplefilters" time="0.006"/>
  <testcase classname="testLayer.AmazonActions" name="pagination" time="0.009"/>
  <testcase classname="testLayer.AmazonActions" name="sort" time="0.002"/>
  <testcase classname="testLayer.Shoppingcart" name="additems" time="3.031"/>
  <testcase classname="testLayer.Shoppingcart" name="deleteallitems" time="1.757"/>
  <testcase classname="testLayer.Shoppingcart" name="itemQuantitytest" time="4.119"/>
  <testcase classname="testLayer.Shoppingcart" name="removeitemsfromcart" time="2.813"/>
</testsuite> <!-- Smoke -->
